[2025-07-30 08:53:52] [INFO] Creating site 'jaam' in '/home/nadbad/Work/Wordpress/wp-jaam'...
[2025-07-30 08:53:52] [INFO] Copying support scripts into new project...
[2025-07-30 08:53:52] [INFO] Renaming template files...
[2025-07-30 08:53:52] [INFO] Replacing common placeholders in config files and all .env* files...
[2025-07-30 08:53:52] [WARN] Unreplaced placeholder(s) found in /home/nadbad/Work/Wordpress/wp-jaam/nginx.conf
[2025-07-30 08:53:52] [WARN] Unreplaced placeholder(s) found in /home/nadbad/Work/Wordpress/wp-jaam/.env.production
[2025-07-30 08:53:52] [WARN] Unreplaced placeholder(s) found in /home/nadbad/Work/Wordpress/wp-jaam/.env.staging
[2025-07-30 08:53:52] [INFO] Generating salts for all environments...
[2025-07-30 08:53:53] [INFO] Replacing placeholders in /home/nadbad/Work/Wordpress/wp-jaam/.env.development...
[2025-07-30 08:53:53] [INFO] Replacing placeholders in /home/nadbad/Work/Wordpress/wp-jaam/.env.staging...
[2025-07-30 08:53:54] [INFO] Replacing placeholders in /home/nadbad/Work/Wordpress/wp-jaam/.env.production...
[2025-07-30 08:53:54] [INFO] Running composer install in /home/nadbad/Work/Wordpress/wp-jaam/www...
[2025-07-30 08:53:54] [WARN] composer install failed in /home/nadbad/Work/Wordpress/wp-jaam/www
[2025-07-30 08:53:54] [SUCCESS] Site 'jaam' initialized at '/home/nadbad/Work/Wordpress/wp-jaam'.
[2025-07-30 08:56:21] [INFO] Creating site 'jaam' in '/home/nadbad/Work/Wordpress/wp-jaam'...
[2025-07-30 08:56:22] [INFO] Copying support scripts into new project...
[2025-07-30 08:56:22] [INFO] Renaming template files...
[2025-07-30 08:56:22] [INFO] Replacing common placeholders in config files and all .env* files...
[2025-07-30 08:56:22] [WARN] Unreplaced placeholder(s) found in /home/nadbad/Work/Wordpress/wp-jaam/nginx.conf
[2025-07-30 08:56:22] [WARN] Unreplaced placeholder(s) found in /home/nadbad/Work/Wordpress/wp-jaam/.env.production
[2025-07-30 08:56:22] [WARN] Unreplaced placeholder(s) found in /home/nadbad/Work/Wordpress/wp-jaam/.env.staging
[2025-07-30 08:56:22] [INFO] Generating salts for all environments...
[2025-07-30 08:56:23] [INFO] Replacing placeholders in /home/nadbad/Work/Wordpress/wp-jaam/.env.development...
[2025-07-30 08:56:23] [INFO] Replacing placeholders in /home/nadbad/Work/Wordpress/wp-jaam/.env.staging...
[2025-07-30 08:56:24] [INFO] Replacing placeholders in /home/nadbad/Work/Wordpress/wp-jaam/.env.production...
[2025-07-30 08:56:24] [INFO] Running composer install in /home/nadbad/Work/Wordpress/wp-jaam/www...
[2025-07-30 08:56:26] [SUCCESS] Site 'jaam' initialized at '/home/nadbad/Work/Wordpress/wp-jaam'.
[2025-07-30 08:59:39] [ERROR] Env file /home/nadbad/Work/Wordpress/bedrock-forge/websites//home/nadbad/Work/Wordprss/wp-jaam/.env.development not found. (Did you run site-init.sh?)
[2025-07-30 08:59:58] [ERROR] Env file /home/nadbad/Work/Wordpress/bedrock-forge/websites//home/nadbad/Work/Wordpress/wp-jaam/.env.development not found. (Did you run site-init.sh?)
[2025-07-30 09:00:19] [ERROR] Env file /home/nadbad/Work/Wordpress/bedrock-forge/websites/wp-jaam/.env.development not found. (Did you run site-init.sh?)
[2025-07-30 09:03:31] [ERROR] Env file /home/nadbad/Work/Wordpress/bedrock-forge/websites/~/Work/Wordpress/wp-jaam/.env.development not found. (Did you run site-init.sh?)
[2025-07-30 09:06:39] [INFO] Updating .env file for /home/nadbad/Work/Wordpress/wp-jaam (development)...
[2025-07-30 09:06:39] [SUCCESS] .env file updated at /home/nadbad/Work/Wordpress/wp-jaam/.env.development
[2025-07-30 09:07:28] [ERROR] Site directory '/home/nadbad/Work/Wordpress/bedrock-forge/websites/~/Work/Wordpress/wp-jaam' not found.
[2025-07-30 09:36:35] [INFO] Switching '/home/nadbad/Work/Wordpress/wp-jaam' to 'development' environment...
[2025-07-30 09:36:35] [SUCCESS] Switched '/home/nadbad/Work/Wordpress/wp-jaam' to 'development'. '/home/nadbad/Work/Wordpress/wp-jaam/.env' updated.
[2025-07-30 09:50:16] [INFO] Creating site 'jaam' in '/home/nadbad/Work/Wordpress/wp-jaam'...
[2025-07-30 09:50:17] [INFO] Copying support scripts into new project...
[2025-07-30 09:50:17] [INFO] Renaming template files...
[2025-07-30 09:50:17] [INFO] Replacing common placeholders in config files and all .env* files...
[2025-07-30 09:50:17] [WARN] Unreplaced placeholder(s) found in /home/nadbad/Work/Wordpress/wp-jaam/nginx.conf
[2025-07-30 09:50:17] [WARN] Unreplaced placeholder(s) found in /home/nadbad/Work/Wordpress/wp-jaam/.env.production
[2025-07-30 09:50:17] [WARN] Unreplaced placeholder(s) found in /home/nadbad/Work/Wordpress/wp-jaam/.env.staging
[2025-07-30 09:50:17] [INFO] Generating salts for all environments...
[2025-07-30 09:50:17] [INFO] Replacing placeholders in /home/nadbad/Work/Wordpress/wp-jaam/.env.development...
[2025-07-30 09:50:18] [INFO] Replacing placeholders in /home/nadbad/Work/Wordpress/wp-jaam/.env.staging...
[2025-07-30 09:50:19] [INFO] Replacing placeholders in /home/nadbad/Work/Wordpress/wp-jaam/.env.production...
[2025-07-30 09:50:19] [INFO] Running composer install in /home/nadbad/Work/Wordpress/wp-jaam/www...
[2025-07-30 09:50:21] [SUCCESS] Site 'jaam' initialized at '/home/nadbad/Work/Wordpress/wp-jaam'.
[2025-08-02 09:40:30] [INFO] Creating site 'wp-jaam' in './~/Work/Wordpress'...
[2025-08-02 09:40:31] [INFO] Copying support scripts into new project...
[2025-08-02 09:40:31] [INFO] Renaming template files...
[2025-08-02 09:40:32] [INFO] Replacing common placeholders in config files and all .env* files...
[2025-08-02 09:40:32] [WARN] Unreplaced placeholder(s) found in ./~/Work/Wordpress/nginx.conf
[2025-08-02 09:40:32] [WARN] Unreplaced placeholder(s) found in ./~/Work/Wordpress/.env.production
[2025-08-02 09:40:32] [WARN] Unreplaced placeholder(s) found in ./~/Work/Wordpress/.env.staging
[2025-08-02 09:40:32] [INFO] Generating salts for all environments...
[2025-08-02 09:40:32] [INFO] Replacing placeholders in ./~/Work/Wordpress/.env.development...
[2025-08-02 09:40:33] [INFO] Replacing placeholders in ./~/Work/Wordpress/.env.staging...
[2025-08-02 09:40:35] [INFO] Replacing placeholders in ./~/Work/Wordpress/.env.production...
[2025-08-02 09:40:35] [INFO] Running composer install in ./~/Work/Wordpress/www...
[2025-08-02 09:40:38] [SUCCESS] Site 'wp-jaam' initialized at './~/Work/Wordpress'.
[2025-08-02 09:41:51] [INFO] Creating site 'wp-jaam' in '/home/nadbad/Work/Wordpress/wp-jaam'...
[2025-08-02 09:41:52] [INFO] Copying support scripts into new project...
[2025-08-02 09:41:52] [INFO] Renaming template files...
[2025-08-02 09:41:52] [INFO] Replacing common placeholders in config files and all .env* files...
[2025-08-02 09:41:52] [WARN] Unreplaced placeholder(s) found in /home/nadbad/Work/Wordpress/wp-jaam/nginx.conf
[2025-08-02 09:41:52] [WARN] Unreplaced placeholder(s) found in /home/nadbad/Work/Wordpress/wp-jaam/.env.production
[2025-08-02 09:41:52] [WARN] Unreplaced placeholder(s) found in /home/nadbad/Work/Wordpress/wp-jaam/.env.staging
[2025-08-02 09:41:52] [INFO] Generating salts for all environments...
[2025-08-02 09:41:53] [INFO] Replacing placeholders in /home/nadbad/Work/Wordpress/wp-jaam/.env.development...
[2025-08-02 09:41:53] [INFO] Replacing placeholders in /home/nadbad/Work/Wordpress/wp-jaam/.env.staging...
[2025-08-02 09:41:54] [INFO] Replacing placeholders in /home/nadbad/Work/Wordpress/wp-jaam/.env.production...
[2025-08-02 09:41:54] [INFO] Running composer install in /home/nadbad/Work/Wordpress/wp-jaam/www...
[2025-08-02 09:41:56] [SUCCESS] Site 'wp-jaam' initialized at '/home/nadbad/Work/Wordpress/wp-jaam'.
[2025-08-02 09:58:24] [INFO] Creating site 'wp-jaam' in '/home/nadbad/Work/Wordpress/wp-jaam'...
[2025-08-02 09:58:25] [WARN] Failed to copy Dockerfile to site directory.
[2025-08-02 09:58:25] [INFO] Copying support scripts into new project...
[2025-08-02 09:58:25] [INFO] Renaming template files...
[2025-08-02 09:58:25] [INFO] Replacing common placeholders in config files and all .env* files...
[2025-08-02 09:58:25] [WARN] Unreplaced placeholder(s) found in /home/nadbad/Work/Wordpress/wp-jaam/nginx.conf
[2025-08-02 09:58:25] [WARN] Unreplaced placeholder(s) found in /home/nadbad/Work/Wordpress/wp-jaam/.env.production
[2025-08-02 09:58:25] [WARN] Unreplaced placeholder(s) found in /home/nadbad/Work/Wordpress/wp-jaam/.env.staging
[2025-08-02 09:58:25] [INFO] Generating salts for all environments...
[2025-08-02 09:58:26] [INFO] Replacing placeholders in /home/nadbad/Work/Wordpress/wp-jaam/.env.development...
[2025-08-02 09:58:26] [INFO] Replacing placeholders in /home/nadbad/Work/Wordpress/wp-jaam/.env.staging...
[2025-08-02 09:58:27] [INFO] Replacing placeholders in /home/nadbad/Work/Wordpress/wp-jaam/.env.production...
[2025-08-02 09:58:27] [INFO] Running composer install in /home/nadbad/Work/Wordpress/wp-jaam/www...
[2025-08-02 09:58:29] [SUCCESS] Site 'wp-jaam' initialized at '/home/nadbad/Work/Wordpress/wp-jaam'.
[2025-08-02 10:07:09] [INFO] Creating site 'wp-jaam' in '/home/nadbad/Work/Wordpress/wp-jaam'...
[2025-08-02 10:07:10] [WARN] Template Dockerfile not found at /home/nadbad/Work/Wordpress/bedrock-forge/core/template/Dockerfile
[2025-08-02 10:07:10] [WARN] docker-compose.yml not found in /home/nadbad/Work/Wordpress/wp-jaam
[2025-08-02 10:07:10] [INFO] Copying support scripts into new project...
[2025-08-02 10:07:10] [INFO] Renaming template files...
[2025-08-02 10:07:10] [INFO] Replacing common placeholders in config files and all .env* files...
[2025-08-02 10:07:10] [WARN] Unreplaced placeholder(s) found in /home/nadbad/Work/Wordpress/wp-jaam/nginx.conf
[2025-08-02 10:07:10] [WARN] Unreplaced placeholder(s) found in /home/nadbad/Work/Wordpress/wp-jaam/.env.production
[2025-08-02 10:07:10] [WARN] Unreplaced placeholder(s) found in /home/nadbad/Work/Wordpress/wp-jaam/.env.staging
[2025-08-02 10:07:10] [INFO] Generating salts for all environments...
[2025-08-02 10:07:10] [INFO] Replacing placeholders in /home/nadbad/Work/Wordpress/wp-jaam/.env.development...
[2025-08-02 10:07:11] [INFO] Replacing placeholders in /home/nadbad/Work/Wordpress/wp-jaam/.env.staging...
[2025-08-02 10:07:11] [INFO] Replacing placeholders in /home/nadbad/Work/Wordpress/wp-jaam/.env.production...
[2025-08-02 10:07:11] [INFO] Running composer install in /home/nadbad/Work/Wordpress/wp-jaam/www...
[2025-08-02 10:07:13] [SUCCESS] Site 'wp-jaam' initialized at '/home/nadbad/Work/Wordpress/wp-jaam'.
[2025-08-02 10:09:06] [INFO] Creating site 'wp-jaam' in './wp-jaam'...
[2025-08-02 10:09:07] [WARN] Template Dockerfile not found at /home/nadbad/Work/Wordpress/bedrock-forge/core/template/Dockerfile
[2025-08-02 10:09:07] [WARN] docker-compose.yml not found in ./wp-jaam
[2025-08-02 10:09:07] [INFO] Copying support scripts into new project...
[2025-08-02 10:09:07] [INFO] Renaming template files...
[2025-08-02 10:09:07] [INFO] Replacing common placeholders in config files and all .env* files...
[2025-08-02 10:09:07] [WARN] Unreplaced placeholder(s) found in ./wp-jaam/nginx.conf
[2025-08-02 10:09:07] [WARN] Unreplaced placeholder(s) found in ./wp-jaam/.env.production
[2025-08-02 10:09:07] [WARN] Unreplaced placeholder(s) found in ./wp-jaam/.env.staging
[2025-08-02 10:09:07] [INFO] Generating salts for all environments...
[2025-08-02 10:09:08] [INFO] Replacing placeholders in ./wp-jaam/.env.development...
[2025-08-02 10:09:08] [INFO] Replacing placeholders in ./wp-jaam/.env.staging...
[2025-08-02 10:09:09] [INFO] Replacing placeholders in ./wp-jaam/.env.production...
[2025-08-02 10:09:09] [INFO] Running composer install in ./wp-jaam/www...
[2025-08-02 10:09:11] [SUCCESS] Site 'wp-jaam' initialized at './wp-jaam'.
[2025-08-02 10:09:27] [INFO] Creating site 'wp-jaam' in '/home/nadbad/Work/Wordpress/wp-jaam'...
[2025-08-02 10:09:28] [WARN] Template Dockerfile not found at /home/nadbad/Work/Wordpress/bedrock-forge/core/template/Dockerfile
[2025-08-02 10:09:28] [WARN] docker-compose.yml not found in /home/nadbad/Work/Wordpress/wp-jaam
[2025-08-02 10:09:28] [INFO] Copying support scripts into new project...
[2025-08-02 10:09:28] [INFO] Renaming template files...
[2025-08-02 10:09:28] [INFO] Replacing common placeholders in config files and all .env* files...
[2025-08-02 10:09:28] [WARN] Unreplaced placeholder(s) found in /home/nadbad/Work/Wordpress/wp-jaam/nginx.conf
[2025-08-02 10:09:28] [WARN] Unreplaced placeholder(s) found in /home/nadbad/Work/Wordpress/wp-jaam/.env.production
[2025-08-02 10:09:28] [WARN] Unreplaced placeholder(s) found in /home/nadbad/Work/Wordpress/wp-jaam/.env.staging
[2025-08-02 10:09:28] [INFO] Generating salts for all environments...
[2025-08-02 10:09:29] [INFO] Replacing placeholders in /home/nadbad/Work/Wordpress/wp-jaam/.env.development...
[2025-08-02 10:09:29] [INFO] Replacing placeholders in /home/nadbad/Work/Wordpress/wp-jaam/.env.staging...
[2025-08-02 10:09:30] [INFO] Replacing placeholders in /home/nadbad/Work/Wordpress/wp-jaam/.env.production...
[2025-08-02 10:09:30] [INFO] Running composer install in /home/nadbad/Work/Wordpress/wp-jaam/www...
[2025-08-02 10:09:32] [SUCCESS] Site 'wp-jaam' initialized at '/home/nadbad/Work/Wordpress/wp-jaam'.
[2025-08-02 10:11:07] [INFO] Creating site 'wp-jaam' in '/home/nadbad/Work/Wordpress/wp-jaam'...
[2025-08-02 10:11:08] [WARN] docker-compose.yml not found in /home/nadbad/Work/Wordpress/wp-jaam
[2025-08-02 10:11:08] [INFO] Copying support scripts into new project...
[2025-08-02 10:11:08] [INFO] Renaming template files...
[2025-08-02 10:11:08] [INFO] Replacing common placeholders in config files and all .env* files...
[2025-08-02 10:11:08] [WARN] Unreplaced placeholder(s) found in /home/nadbad/Work/Wordpress/wp-jaam/nginx.conf
[2025-08-02 10:11:08] [WARN] Unreplaced placeholder(s) found in /home/nadbad/Work/Wordpress/wp-jaam/.env.production
[2025-08-02 10:11:08] [WARN] Unreplaced placeholder(s) found in /home/nadbad/Work/Wordpress/wp-jaam/.env.staging
[2025-08-02 10:11:08] [INFO] Generating salts for all environments...
[2025-08-02 10:11:08] [INFO] Replacing placeholders in /home/nadbad/Work/Wordpress/wp-jaam/.env.development...
[2025-08-02 10:11:09] [INFO] Replacing placeholders in /home/nadbad/Work/Wordpress/wp-jaam/.env.staging...
[2025-08-02 10:11:10] [INFO] Replacing placeholders in /home/nadbad/Work/Wordpress/wp-jaam/.env.production...
[2025-08-02 10:11:10] [INFO] Running composer install in /home/nadbad/Work/Wordpress/wp-jaam/www...
[2025-08-02 10:11:12] [SUCCESS] Site 'wp-jaam' initialized at '/home/nadbad/Work/Wordpress/wp-jaam'.
[2025-08-02 10:12:19] [INFO] Creating site 'wp-jaam' in '/home/nadbad/Work/Wordpress/wp-jaam'...
[2025-08-02 10:12:20] [WARN] docker-compose.yml not found in /home/nadbad/Work/Wordpress/wp-jaam
[2025-08-02 10:12:20] [INFO] Copying support scripts into new project...
[2025-08-02 10:12:20] [INFO] Renaming template files...
[2025-08-02 10:12:20] [INFO] Replacing common placeholders in config files and all .env* files...
[2025-08-02 10:12:20] [WARN] Unreplaced placeholder(s) found in /home/nadbad/Work/Wordpress/wp-jaam/nginx.conf
[2025-08-02 10:12:20] [WARN] Unreplaced placeholder(s) found in /home/nadbad/Work/Wordpress/wp-jaam/.env.production
[2025-08-02 10:12:20] [WARN] Unreplaced placeholder(s) found in /home/nadbad/Work/Wordpress/wp-jaam/.env.staging
[2025-08-02 10:12:20] [INFO] Generating salts for all environments...
[2025-08-02 10:12:21] [INFO] Replacing placeholders in /home/nadbad/Work/Wordpress/wp-jaam/.env.development...
[2025-08-02 10:12:21] [INFO] Replacing placeholders in /home/nadbad/Work/Wordpress/wp-jaam/.env.staging...
[2025-08-02 10:12:24] [INFO] Replacing placeholders in /home/nadbad/Work/Wordpress/wp-jaam/.env.production...
[2025-08-02 10:12:24] [INFO] Running composer install in /home/nadbad/Work/Wordpress/wp-jaam/www...
[2025-08-02 10:12:26] [SUCCESS] Site 'wp-jaam' initialized at '/home/nadbad/Work/Wordpress/wp-jaam'.
[2025-08-02 10:52:15] [INFO] Creating site 'wp-jaam' in '/home/nadbad/Work/Wordpress/wp-jaam'...
[2025-08-02 10:52:15] [WARN] docker-compose.yml not found in /home/nadbad/Work/Wordpress/wp-jaam
[2025-08-02 10:52:15] [INFO] Copying support scripts into new project...
[2025-08-02 10:52:15] [INFO] Renaming template files...
[2025-08-02 10:52:16] [INFO] Replacing common placeholders in config files and all .env* files...
[2025-08-02 10:52:16] [WARN] Unreplaced placeholder(s) found in /home/nadbad/Work/Wordpress/wp-jaam/nginx.conf
[2025-08-02 10:52:16] [WARN] Unreplaced placeholder(s) found in /home/nadbad/Work/Wordpress/wp-jaam/.env.production
[2025-08-02 10:52:16] [WARN] Unreplaced placeholder(s) found in /home/nadbad/Work/Wordpress/wp-jaam/.env.staging
[2025-08-02 10:52:16] [INFO] Generating salts for all environments...
[2025-08-02 10:52:24] [INFO] Replacing placeholders in /home/nadbad/Work/Wordpress/wp-jaam/.env.development...
[2025-08-02 10:52:29] [INFO] Replacing placeholders in /home/nadbad/Work/Wordpress/wp-jaam/.env.staging...
[2025-08-02 10:52:30] [INFO] Replacing placeholders in /home/nadbad/Work/Wordpress/wp-jaam/.env.production...
[2025-08-02 10:52:30] [INFO] Running composer install in /home/nadbad/Work/Wordpress/wp-jaam/www...
[2025-08-02 10:52:32] [SUCCESS] Site 'wp-jaam' initialized at '/home/nadbad/Work/Wordpress/wp-jaam'.
[2025-08-02 11:55:24] [INFO] Creating site 'jaam' in '/home/nadbad/Work/Wordpress/wp-jaam'...
[2025-08-02 11:55:24] [WARN] docker-compose.yml not found in /home/nadbad/Work/Wordpress/wp-jaam
[2025-08-02 11:55:24] [INFO] Copying support scripts into new project...
[2025-08-02 11:55:25] [INFO] Renaming template files...
[2025-08-02 11:55:25] [INFO] Replacing common placeholders in config files and all .env* files...
[2025-08-02 11:55:25] [WARN] Unreplaced placeholder(s) found in /home/nadbad/Work/Wordpress/wp-jaam/nginx.conf
[2025-08-02 11:55:25] [WARN] Unreplaced placeholder(s) found in /home/nadbad/Work/Wordpress/wp-jaam/.env.production
[2025-08-02 11:55:25] [WARN] Unreplaced placeholder(s) found in /home/nadbad/Work/Wordpress/wp-jaam/.env.staging
[2025-08-02 11:55:25] [INFO] Generating salts for all environments...
[2025-08-02 11:55:25] [INFO] Replacing placeholders in /home/nadbad/Work/Wordpress/wp-jaam/.env.development...
[2025-08-02 11:55:26] [INFO] Replacing placeholders in /home/nadbad/Work/Wordpress/wp-jaam/.env.staging...
[2025-08-02 11:55:26] [INFO] Replacing placeholders in /home/nadbad/Work/Wordpress/wp-jaam/.env.production...
[2025-08-02 11:55:26] [INFO] Running composer install in /home/nadbad/Work/Wordpress/wp-jaam/www...
[2025-08-02 11:55:28] [SUCCESS] Site 'jaam' initialized at '/home/nadbad/Work/Wordpress/wp-jaam'.
[2025-08-02 12:02:05] [INFO] Creating site 'jaam' in '/home/nadbad/Work/Wordpress/wp-jaam'...
[2025-08-02 12:02:06] [WARN] docker-compose.yml not found in /home/nadbad/Work/Wordpress/wp-jaam
[2025-08-02 12:02:06] [INFO] Copying support scripts into new project...
[2025-08-02 12:02:06] [INFO] Renaming template files...
[2025-08-02 12:02:06] [INFO] Replacing common placeholders in config files and all .env* files...
[2025-08-02 12:02:06] [WARN] Unreplaced placeholder(s) found in /home/nadbad/Work/Wordpress/wp-jaam/nginx.conf
[2025-08-02 12:02:06] [WARN] Unreplaced placeholder(s) found in /home/nadbad/Work/Wordpress/wp-jaam/.env.development
[2025-08-02 12:02:06] [WARN] Unreplaced placeholder(s) found in /home/nadbad/Work/Wordpress/wp-jaam/.env.production
[2025-08-02 12:02:06] [WARN] Unreplaced placeholder(s) found in /home/nadbad/Work/Wordpress/wp-jaam/.env.staging
[2025-08-02 12:02:06] [INFO] Generating salts for all environments...
[2025-08-02 12:02:07] [INFO] Replacing placeholders in /home/nadbad/Work/Wordpress/wp-jaam/.env.development...
[2025-08-02 12:02:07] [INFO] Replacing placeholders in /home/nadbad/Work/Wordpress/wp-jaam/.env.staging...
[2025-08-02 12:02:08] [INFO] Replacing placeholders in /home/nadbad/Work/Wordpress/wp-jaam/.env.production...
[2025-08-02 12:02:08] [INFO] Running composer install in /home/nadbad/Work/Wordpress/wp-jaam/www...
[2025-08-02 12:02:12] [SUCCESS] Site 'jaam' initialized at '/home/nadbad/Work/Wordpress/wp-jaam'.
[2025-08-02 12:04:19] [INFO] Creating site 'jaam' in '/home/nadbad/Work/Wordpress/wp-jaam'...
[2025-08-02 12:04:20] [WARN] docker-compose.yml not found in /home/nadbad/Work/Wordpress/wp-jaam
[2025-08-02 12:04:20] [INFO] Copying support scripts into new project...
[2025-08-02 12:04:20] [INFO] Renaming template files...
[2025-08-02 12:04:20] [INFO] Replacing common placeholders in config files and all .env* files...
[2025-08-02 12:04:20] [WARN] Unreplaced placeholder(s) found in /home/nadbad/Work/Wordpress/wp-jaam/nginx.conf
[2025-08-02 12:04:20] [WARN] Unreplaced placeholder(s) found in /home/nadbad/Work/Wordpress/wp-jaam/.env.production
[2025-08-02 12:04:20] [WARN] Unreplaced placeholder(s) found in /home/nadbad/Work/Wordpress/wp-jaam/.env.staging
[2025-08-02 12:04:20] [INFO] Generating salts for all environments...
[2025-08-02 12:04:21] [INFO] Replacing placeholders in /home/nadbad/Work/Wordpress/wp-jaam/.env.development...
[2025-08-02 12:04:21] [INFO] Replacing placeholders in /home/nadbad/Work/Wordpress/wp-jaam/.env.staging...
[2025-08-02 12:04:22] [INFO] Replacing placeholders in /home/nadbad/Work/Wordpress/wp-jaam/.env.production...
[2025-08-02 12:04:22] [INFO] Running composer install in /home/nadbad/Work/Wordpress/wp-jaam/www...
[2025-08-02 12:04:24] [SUCCESS] Site 'jaam' initialized at '/home/nadbad/Work/Wordpress/wp-jaam'.
[2025-08-02 12:15:14] [INFO] Creating site 'jaam' in '/home/nadbad/Work/Wordpress/wp-jaam'...
[2025-08-02 12:15:14] [WARN] docker-compose.yml not found in /home/nadbad/Work/Wordpress/wp-jaam
[2025-08-02 12:15:14] [INFO] Copying support scripts into new project...
[2025-08-02 12:15:14] [INFO] Renaming template files...
[2025-08-02 12:15:15] [INFO] Replacing common placeholders in config files and all .env* files...
[2025-08-02 12:15:15] [WARN] Unreplaced placeholder(s) found in /home/nadbad/Work/Wordpress/wp-jaam/nginx.conf
[2025-08-02 12:15:15] [WARN] Unreplaced placeholder(s) found in /home/nadbad/Work/Wordpress/wp-jaam/.env.production
[2025-08-02 12:15:15] [WARN] Unreplaced placeholder(s) found in /home/nadbad/Work/Wordpress/wp-jaam/.env.staging
[2025-08-02 12:15:15] [INFO] Generating salts for all environments...
[2025-08-02 12:15:15] [INFO] Replacing placeholders in /home/nadbad/Work/Wordpress/wp-jaam/.env.development...
[2025-08-02 12:15:16] [INFO] Replacing placeholders in /home/nadbad/Work/Wordpress/wp-jaam/.env.staging...
[2025-08-02 12:15:16] [INFO] Replacing placeholders in /home/nadbad/Work/Wordpress/wp-jaam/.env.production...
[2025-08-02 12:15:16] [INFO] Running composer install in /home/nadbad/Work/Wordpress/wp-jaam/www...
[2025-08-02 12:15:18] [SUCCESS] Site 'jaam' initialized at '/home/nadbad/Work/Wordpress/wp-jaam'.
