[2025-07-24 11:10:37] [INFO] Creating site 'myblog' in 'websites/myblog'...
[2025-07-24 11:10:37] [INFO] Renaming template files...
[2025-07-24 11:10:37] [INFO] Replacing common placeholders...
[2025-07-24 11:10:37] [INFO] Generating salts for all environments...
[2025-07-24 11:10:37] [WARN] Failed to fetch salts from WordPress API (curl exit code: 127). Generating locally.
[2025-07-24 11:10:37] [INFO] Replacing placeholders in websites/myblog/.env.development...
[2025-07-24 11:10:37] [WARN] Failed to fetch salts from WordPress API (curl exit code: 127). Generating locally.
[2025-07-24 11:10:37] [INFO] Replacing placeholders in websites/myblog/.env.staging...
[2025-07-24 11:10:37] [WARN] Failed to fetch salts from WordPress API (curl exit code: 127). Generating locally.
[2025-07-24 11:10:37] [INFO] Replacing placeholders in websites/myblog/.env.production...
[2025-07-24 11:10:37] [SUCCESS] Site 'myblog' initialized at 'websites/myblog'.
[2025-07-24 11:15:23] [ERROR] Missing arguments: site_name, environment.
[2025-07-26 08:26:17] [INFO] Creating site 'myblog' in 'websites/myblog'...
[2025-07-26 08:26:17] [INFO] Renaming template files...
[2025-07-26 08:26:17] [INFO] Replacing common placeholders...
[2025-07-26 08:26:17] [INFO] Generating salts for all environments...
[2025-07-26 08:26:17] [WARN] Failed to fetch salts from WordPress API (curl exit code: 127). Generating locally.
[2025-07-26 08:26:17] [INFO] Replacing placeholders in websites/myblog/.env.development...
[2025-07-26 08:26:17] [WARN] Failed to fetch salts from WordPress API (curl exit code: 127). Generating locally.
[2025-07-26 08:26:17] [INFO] Replacing placeholders in websites/myblog/.env.staging...
[2025-07-26 08:26:17] [WARN] Failed to fetch salts from WordPress API (curl exit code: 127). Generating locally.
[2025-07-26 08:26:17] [INFO] Replacing placeholders in websites/myblog/.env.production...
[2025-07-26 08:26:17] [SUCCESS] Site 'myblog' initialized at 'websites/myblog'.
[2025-07-26 08:26:28] [ERROR] Template file websites/myblog/.env.development.tpl not found.
[2025-07-26 08:34:02] [INFO] Updating .env file for myblog (development)...
[2025-07-26 08:34:02] [SUCCESS] .env file updated at websites/myblog/.env.development
[2025-07-26 09:04:38] [INFO] Switching 'myblog' to 'development' environment...
[2025-07-26 09:04:38] [SUCCESS] Switched 'myblog' to 'development'. 'websites/myblog/.env' updated.
[2025-07-29 12:15:36] [INFO] Creating site 'jaam' in './websites/jaam'...
[2025-07-29 12:15:36] [INFO] Copying support scripts into new project...
[2025-07-29 12:15:36] [ERROR] Failed to copy scripts directory.
[2025-07-29 12:20:35] [INFO] Creating site 'myblog' in './websites/myblog'...
[2025-07-29 12:20:35] [INFO] Copying support scripts into new project...
[2025-07-29 12:20:35] [INFO] Renaming template files...
[2025-07-29 12:20:35] [INFO] Replacing common placeholders in config files and all .env* files...
[2025-07-29 12:20:35] [WARN] Unreplaced placeholder(s) found in ./websites/myblog/nginx.conf
[2025-07-29 12:20:35] [WARN] Unreplaced placeholder(s) found in ./websites/myblog/.env.production
[2025-07-29 12:20:35] [WARN] Unreplaced placeholder(s) found in ./websites/myblog/.env.staging
[2025-07-29 12:20:35] [INFO] Generating salts for all environments...
[2025-07-29 12:20:35] [INFO] Replacing placeholders in ./websites/myblog/.env.development...
[2025-07-29 12:20:36] [INFO] Replacing placeholders in ./websites/myblog/.env.staging...
[2025-07-29 12:20:37] [INFO] Replacing placeholders in ./websites/myblog/.env.production...
[2025-07-29 12:20:37] [INFO] Running composer install in ./websites/myblog/www...
[2025-07-29 12:20:37] [WARN] composer install failed in ./websites/myblog/www
[2025-07-29 12:20:37] [SUCCESS] Site 'myblog' initialized at './websites/myblog'.
[2025-07-29 12:26:14] [ERROR] Parent directory '~/Work/Wordpress' does not exist.
[2025-07-29 12:27:16] [INFO] Creating site 'jaam' in '/home/nadbad/Work/Wordpress/websites/jaam'...
[2025-07-29 12:27:16] [INFO] Copying support scripts into new project...
[2025-07-29 12:27:16] [INFO] Renaming template files...
[2025-07-29 12:27:16] [INFO] Replacing common placeholders in config files and all .env* files...
[2025-07-29 12:27:16] [WARN] Unreplaced placeholder(s) found in /home/nadbad/Work/Wordpress/websites/jaam/nginx.conf
[2025-07-29 12:27:16] [WARN] Unreplaced placeholder(s) found in /home/nadbad/Work/Wordpress/websites/jaam/.env.production
[2025-07-29 12:27:16] [WARN] Unreplaced placeholder(s) found in /home/nadbad/Work/Wordpress/websites/jaam/.env.staging
[2025-07-29 12:27:16] [INFO] Generating salts for all environments...
[2025-07-29 12:27:17] [INFO] Replacing placeholders in /home/nadbad/Work/Wordpress/websites/jaam/.env.development...
[2025-07-29 12:27:17] [INFO] Replacing placeholders in /home/nadbad/Work/Wordpress/websites/jaam/.env.staging...
[2025-07-29 12:27:18] [INFO] Replacing placeholders in /home/nadbad/Work/Wordpress/websites/jaam/.env.production...
[2025-07-29 12:27:18] [INFO] Running composer install in /home/nadbad/Work/Wordpress/websites/jaam/www...
[2025-07-29 12:27:18] [WARN] composer install failed in /home/nadbad/Work/Wordpress/websites/jaam/www
[2025-07-29 12:27:18] [SUCCESS] Site 'jaam' initialized at '/home/nadbad/Work/Wordpress/websites/jaam'.
[2025-07-29 13:14:12] [INFO] Creating site 'jaam' in '/home/nadbad/Work/Wordpress/wp-jaam'...
[2025-07-29 13:14:12] [INFO] Copying support scripts into new project...
[2025-07-29 13:14:12] [INFO] Renaming template files...
[2025-07-29 13:14:12] [INFO] Replacing common placeholders in config files and all .env* files...
[2025-07-29 13:14:12] [WARN] Unreplaced placeholder(s) found in /home/nadbad/Work/Wordpress/wp-jaam/nginx.conf
[2025-07-29 13:14:12] [WARN] Unreplaced placeholder(s) found in /home/nadbad/Work/Wordpress/wp-jaam/.env.production
[2025-07-29 13:14:12] [WARN] Unreplaced placeholder(s) found in /home/nadbad/Work/Wordpress/wp-jaam/.env.staging
[2025-07-29 13:14:12] [INFO] Generating salts for all environments...
[2025-07-29 13:14:13] [INFO] Replacing placeholders in /home/nadbad/Work/Wordpress/wp-jaam/.env.development...
[2025-07-29 13:14:16] [INFO] Replacing placeholders in /home/nadbad/Work/Wordpress/wp-jaam/.env.staging...
[2025-07-29 13:14:16] [INFO] Replacing placeholders in /home/nadbad/Work/Wordpress/wp-jaam/.env.production...
[2025-07-29 13:14:16] [INFO] Running composer install in /home/nadbad/Work/Wordpress/wp-jaam/www...
[2025-07-29 13:14:17] [WARN] composer install failed in /home/nadbad/Work/Wordpress/wp-jaam/www
[2025-07-29 13:14:17] [SUCCESS] Site 'jaam' initialized at '/home/nadbad/Work/Wordpress/wp-jaam'.
[2025-07-29 13:16:05] [ERROR] Env file websites/wp-jaam/.env.development not found. (Did you run site-init.sh?)
